Loaded plugins: fastestmirror
Loading mirror speeds from cached hostfile
 * base: mirror.genesisadaptive.com
 * extras: mirror.team-cymru.com
 * updates: mirrors.gigenet.com
No packages marked for update
Loaded plugins: fastestmirror
Loading mirror speeds from cached hostfile
 * base: mirror.genesisadaptive.com
 * extras: mirror.team-cymru.com
 * updates: mirrors.gigenet.com
Package httpd-2.4.6-97.el7.centos.5.x86_64 already installed and latest version
Nothing to do
Loaded plugins: fastestmirror
Loading mirror speeds from cached hostfile
 * base: mirror.genesisadaptive.com
 * extras: mirror.team-cymru.com
 * updates: mirrors.gigenet.com
Package 1:mod_ssl-2.4.6-97.el7.centos.5.x86_64 already installed and latest version
Nothing to do
success
success
success
● httpd.service - The Apache HTTP Server
   Loaded: loaded (/usr/lib/systemd/system/httpd.service; disabled; vendor preset: disabled)
   Active: active (running) since Tue 2022-04-05 18:53:02 EDT; 8min ago
     Docs: man:httpd(8)
           man:apachectl(8)
  Process: 1782 ExecStop=/bin/kill -WINCH ${MAINPID} (code=exited, status=0/SUCCESS)
 Main PID: 1787 (httpd)
   Status: "Total requests: 2; Current requests/sec: 0; Current traffic:   0 B/sec"
   CGroup: /system.slice/httpd.service
           ├─1787 /usr/sbin/httpd -DFOREGROUND
           ├─1788 /usr/sbin/httpd -DFOREGROUND
           ├─1789 /usr/sbin/httpd -DFOREGROUND
           ├─1790 /usr/sbin/httpd -DFOREGROUND
           ├─1791 /usr/sbin/httpd -DFOREGROUND
           ├─1792 /usr/sbin/httpd -DFOREGROUND
           └─1793 /usr/sbin/httpd -DFOREGROUND

Apr 05 18:53:02 group5server.hh.nku.edu systemd[1]: Starting The Apache HTTP Server...
Apr 05 18:53:02 group5server.hh.nku.edu systemd[1]: Started The Apache HTTP Server.
